  main.c
C:\Users\HyunseopYun\Desktop\raycasting\raycasting-c\RayCastingInC\RayCasting\main.c(68,31): warning C4305: '=': 'double'에서 'float'(으)로 잘립니다.
C:\Users\HyunseopYun\Desktop\raycasting\raycasting-c\RayCastingInC\RayCasting\main.c(70,36): warning C4305: '=': 'double'에서 'float'(으)로 잘립니다.
C:\Users\HyunseopYun\Desktop\raycasting\raycasting-c\RayCastingInC\RayCasting\main.c(82,10): warning C4244: '=': 'double'에서 'float'(으)로 변환하면서 데이터가 손실될 수 있습니다.
C:\Users\HyunseopYun\Desktop\raycasting\raycasting-c\RayCastingInC\RayCasting\main.c(85,18): warning C4244: '=': 'double'에서 'float'(으)로 변환하면서 데이터가 손실될 수 있습니다.
C:\Users\HyunseopYun\Desktop\raycasting\raycasting-c\RayCastingInC\RayCasting\main.c(92,9): warning C4244: 'return': 'double'에서 'float'(으)로 변환하면서 데이터가 손실될 수 있습니다.
C:\Users\HyunseopYun\Desktop\raycasting\raycasting-c\RayCastingInC\RayCasting\main.c(113,43): warning C4244: '=': 'double'에서 'float'(으)로 변환하면서 데이터가 손실될 수 있습니다.
C:\Users\HyunseopYun\Desktop\raycasting\raycasting-c\RayCastingInC\RayCasting\main.c(116,24): warning C4244: '=': 'double'에서 'float'(으)로 변환하면서 데이터가 손실될 수 있습니다.
C:\Users\HyunseopYun\Desktop\raycasting\raycasting-c\RayCastingInC\RayCasting\main.c(121,20): warning C4244: '=': 'double'에서 'float'(으)로 변환하면서 데이터가 손실될 수 있습니다.
C:\Users\HyunseopYun\Desktop\raycasting\raycasting-c\RayCastingInC\RayCasting\main.c(160,43): warning C4244: '=': 'double'에서 'float'(으)로 변환하면서 데이터가 손실될 수 있습니다.
C:\Users\HyunseopYun\Desktop\raycasting\raycasting-c\RayCastingInC\RayCasting\main.c(164,24): warning C4244: '=': 'double'에서 'float'(으)로 변환하면서 데이터가 손실될 수 있습니다.
C:\Users\HyunseopYun\Desktop\raycasting\raycasting-c\RayCastingInC\RayCasting\main.c(169,20): warning C4244: '=': 'double'에서 'float'(으)로 변환하면서 데이터가 손실될 수 있습니다.
C:\Users\HyunseopYun\Desktop\raycasting\raycasting-c\RayCastingInC\RayCasting\main.c(241,41): warning C4244: '초기화 중': 'double'에서 'float'(으)로 변환하면서 데이터가 손실될 수 있습니다.
C:\Users\HyunseopYun\Desktop\raycasting\raycasting-c\RayCastingInC\RayCasting\main.c(269,30): warning C4244: '초기화 중': 'double'에서 'float'(으)로 변환하면서 데이터가 손실될 수 있습니다.
C:\Users\HyunseopYun\Desktop\raycasting\raycasting-c\RayCastingInC\RayCasting\main.c(270,30): warning C4244: '초기화 중': 'double'에서 'float'(으)로 변환하면서 데이터가 손실될 수 있습니다.
C:\Users\HyunseopYun\Desktop\raycasting\raycasting-c\RayCastingInC\RayCasting\main.c(402,41): warning C4244: '초기화 중': 'double'에서 'float'(으)로 변환하면서 데이터가 손실될 수 있습니다.
C:\Users\HyunseopYun\Desktop\raycasting\raycasting-c\RayCastingInC\RayCasting\main.c(403,58): warning C4244: '초기화 중': 'double'에서 'float'(으)로 변환하면서 데이터가 손실될 수 있습니다.
C:\Users\HyunseopYun\Desktop\raycasting\raycasting-c\RayCastingInC\RayCasting\main.c(447,41): warning C4244: '초기화 중': 'float'에서 'int'(으)로 변환하면서 데이터가 손실될 수 있습니다.
C:\Users\HyunseopYun\Desktop\raycasting\raycasting-c\RayCastingInC\RayCasting\main.c(487,1): warning C4026: 정식 매개 변수 목록을 사용하여 함수를 선언했습니다.
  map.c
C:\Users\HyunseopYun\Desktop\raycasting\raycasting-c\RayCastingInC\RayCasting\map.c(25,22): warning C4244: '초기화 중': 'double'에서 'int'(으)로 변환하면서 데이터가 손실될 수 있습니다.
C:\Users\HyunseopYun\Desktop\raycasting\raycasting-c\RayCastingInC\RayCasting\map.c(26,22): warning C4244: '초기화 중': 'double'에서 'int'(으)로 변환하면서 데이터가 손실될 수 있습니다.
  코드를 생성하고 있습니다...
  RayCasting.vcxproj -> C:\Users\HyunseopYun\Desktop\raycasting\raycasting-c\RayCastingInC\Debug\RayCasting.exe
